2018-10-04 00:03:20.7274 INFO Get List FMEA Success
2018-10-04 00:06:40.7579 INFO Get List FMEA Success
2018-10-04 00:14:43.7001 INFO Get List FMEA Success
2018-10-04 00:14:46.5465 INFO Get List FMEA Success
2018-10-04 00:14:48.0913 INFO Get List FMEA Success
2018-10-04 00:14:49.2863 INFO Get List FMEA Success
2018-10-04 00:15:33.4939 INFO Get List FMEA Success
2018-10-04 00:15:35.4019 INFO Get List FMEA Success
2018-10-04 00:15:36.8101 INFO Get List FMEA Success
2018-10-04 00:15:38.2361 INFO Get List FMEA Success
2018-10-04 00:15:44.5738 INFO Get List FMEA Success
2018-10-04 00:15:47.8463 INFO Get List FMEA Success
2018-10-04 00:15:51.7671 INFO Get List FMEA Success
2018-10-04 00:15:57.8201 INFO Get List FMEA Success
2018-10-04 00:16:04.0133 INFO Get List FMEA Success
2018-10-04 00:18:32.7391 INFO Get List FMEA Success
2018-10-04 00:18:34.8403 INFO Get List FMEA Success
2018-10-04 00:18:36.1768 INFO Get List FMEA Success
2018-10-04 00:18:41.8867 INFO Get List FMEA Success
2018-10-04 00:18:46.8156 INFO Get List FMEA Success
2018-10-04 00:18:55.3047 INFO Get List FMEA Success
2018-10-04 00:19:03.2143 INFO Get List FMEA Success
2018-10-04 00:24:26.3114 INFO Get List FMEA Success
2018-10-04 00:24:29.3178 INFO Get List FMEA Success
2018-10-04 00:24:31.4539 INFO Get List FMEA Success
2018-10-04 00:24:32.9582 INFO Get List FMEA Success
2018-10-04 00:24:35.6390 INFO Get List FMEA Success
2018-10-04 00:24:44.3717 INFO Get List FMEA Success
2018-10-04 00:25:53.3966 INFO Get List FMEA Success
2018-10-04 00:25:54.1373 INFO Get List FMEA Success
2018-10-04 00:25:57.3159 INFO Get List FMEA Success
2018-10-04 00:25:59.3590 INFO Get List FMEA Success
2018-10-04 00:26:00.1082 INFO Get List FMEA Success
2018-10-04 00:26:07.6873 INFO Get List FMEA Success
2018-10-04 00:26:11.6141 INFO Get List FMEA Success
2018-10-04 00:26:13.5787 INFO Get List FMEA Success
2018-10-04 00:26:14.2047 INFO Get List FMEA Success
2018-10-04 00:26:34.9565 INFO Get List FMEA Success
2018-10-04 00:26:35.7067 INFO Get List FMEA Success
2018-10-04 00:26:36.3120 INFO Get List FMEA Success
2018-10-04 00:26:37.0243 INFO Get List FMEA Success
2018-10-04 00:26:39.4163 INFO Get List FMEA Success
2018-10-04 00:26:39.7749 INFO Get List FMEA Success
2018-10-04 00:26:40.2818 INFO Get List FMEA Success
2018-10-04 00:26:40.9828 INFO Get List FMEA Success
2018-10-04 00:26:41.3347 INFO Get List FMEA Success
2018-10-04 00:26:41.6067 INFO Get List FMEA Success
2018-10-04 00:26:41.9104 INFO Get List FMEA Success
2018-10-04 00:26:42.1856 INFO Get List FMEA Success
2018-10-04 00:26:42.5634 INFO Get List FMEA Success
2018-10-04 00:26:42.8107 INFO Get List FMEA Success
2018-10-04 00:26:43.0787 INFO Get List FMEA Success
2018-10-04 00:26:43.4506 INFO Get List FMEA Success
2018-10-04 00:26:44.0304 INFO Get List FMEA Success
2018-10-04 00:26:44.7429 INFO Get List FMEA Success
2018-10-04 00:26:45.2389 INFO Get List FMEA Success
2018-10-04 00:26:45.5786 INFO Get List FMEA Success
2018-10-04 00:26:45.8587 INFO Get List FMEA Success
2018-10-04 00:26:46.1806 INFO Get List FMEA Success
2018-10-04 00:26:46.6005 INFO Get List FMEA Success
2018-10-04 00:26:47.2138 INFO Get List FMEA Success
2018-10-04 00:26:47.7626 INFO Get List FMEA Success
2018-10-04 00:26:48.3726 INFO Get List FMEA Success
2018-10-04 00:26:52.8865 INFO Get List FMEA Success
2018-10-04 00:29:19.3271 INFO Get List FMEA Success
2018-10-04 00:29:22.1847 INFO Get List FMEA Success
2018-10-04 00:29:24.1164 INFO Get List FMEA Success
2018-10-04 00:30:44.3420 INFO Get List FMEA Success
2018-10-04 00:31:54.3344 INFO Get List FMEA Success
2018-10-04 00:31:59.2813 INFO Get List FMEA Success
2018-10-04 00:34:52.0441 INFO Get List FMEA Success
2018-10-04 00:34:54.2095 INFO Get List FMEA Success
2018-10-04 00:42:33.3606 INFO Get List FMEA Success
2018-10-04 00:42:36.3202 INFO Get List FMEA Success
2018-10-04 00:44:01.1307 INFO Get List FMEA Success
2018-10-04 00:45:38.6496 INFO Get List FMEA Success
2018-10-04 00:47:43.4100 INFO Get List FMEA Success
2018-10-04 00:49:39.0554 INFO Get List FMEA Success
2018-10-04 00:51:37.6015 INFO Get List FMEA Success
2018-10-04 01:06:11.3338 INFO Get List FMEA Success
2018-10-04 01:06:13.4131 INFO Get List FMEA Success
2018-10-04 08:19:21.5192 INFO Get List FMEA Success
2018-10-04 08:19:21.5202 INFO Get List FMEA Success
2018-10-04 08:25:45.1032 INFO SQL Command Process:  DECLARE @EpcNumber varchar(25) EXEC [usp_GetIAInternalEpcNumber] @AssemblyTypeId = {0} , @IATypeId = {1}, @IAId = {2}, @EpcNumber = @EpcNumber OUTPUT SELECT @EpcNumber as N'@EpcNumber'
2018-10-04 08:25:45.1032 INFO Finish SQL Command Process...
2018-10-04 08:25:45.1032 INFO SQL Command Process: insert into IAs (AssemblyTypeId, IATypeId, StatusId, InternalEpcNumber, AuthorUserId, __IsDraft, ValidPeriodTo) values ('1' ,(select top 1 [Id] from [dbo].[IATypes]),'1', 'PI 18_0011' , '1', '1', '2099-12-31 00:00:00.000')
2018-10-04 08:25:45.1232 INFO Finish SQL Command Process...
2018-10-04 08:25:45.2533 INFO Get List Pvm Success
2018-10-04 08:26:12.1036 ERROR Failed to update row for table IATasks
2018-10-04 08:26:12.1036 ERROR SQL Query: DELETE FROM dbo.IATasks WHERE (Id='undefined')
2018-10-04 08:26:12.1036 ERROR Conversion failed when converting the varchar value 'undefined' to data type int.
2018-10-04 08:26:12.1036 ERROR 
2018-10-04 08:26:12.1196 ERROR    at System.Data.SqlClient.SqlConnection.OnError(SqlException exception, Boolean breakConnection, Action`1 wrapCloseInAction)
   at System.Data.SqlClient.SqlInternalConnection.OnError(SqlException exception, Boolean breakConnection, Action`1 wrapCloseInAction)
   at System.Data.SqlClient.TdsParser.ThrowExceptionAndWarning(TdsParserStateObject stateObj, Boolean callerHasConnectionLock, Boolean asyncClose)
   at System.Data.SqlClient.TdsParser.TryRun(RunBehavior runBehavior, SqlCommand cmdHandler, SqlDataReader dataStream, BulkCopySimpleResultSet bulkCopyHandler, TdsParserStateObject stateObj, Boolean& dataReady)
   at System.Data.SqlClient.SqlDataReader.TryConsumeMetaData()
   at System.Data.SqlClient.SqlDataReader.get_MetaData()
   at System.Data.SqlClient.SqlCommand.FinishExecuteReader(SqlDataReader ds, RunBehavior runBehavior, String resetOptionsString, Boolean isInternal, Boolean forDescribeParameterEncryption, Boolean shouldCacheForAlwaysEncrypted)
   at System.Data.SqlClient.SqlCommand.RunExecuteReaderTds(CommandBehavior cmdBehavior, RunBehavior runBehavior, Boolean returnStream, Boolean async, Int32 timeout, Task& task, Boolean asyncWrite, Boolean inRetry, SqlDataReader ds, Boolean describeParameterEncryptionRequest)
   at System.Data.SqlClient.SqlCommand.RunExecuteReader(CommandBehavior cmdBehavior, RunBehavior runBehavior, Boolean returnStream, String method, TaskCompletionSource`1 completion, Int32 timeout, Task& task, Boolean& usedCache, Boolean asyncWrite, Boolean inRetry)
   at System.Data.SqlClient.SqlCommand.RunExecuteReader(CommandBehavior cmdBehavior, RunBehavior runBehavior, Boolean returnStream, String method)
   at System.Data.SqlClient.SqlCommand.ExecuteScalar()
   at Ebiz.Scaffolding.Spa.Models.ListViewModel.DeleteRow(TableMeta table, Int32 assemblyTypeId, String keyValue, Int32 userId) in D:\Mercedez\Workspaces\TIDS-CV\Ebiz.Scaffolding\Spa\Models\ListViewModel.cs:line 806
2018-10-04 10:19:20.0609 ERROR Unhandle/Callback Exception Error Occur(s). d:\Mercedez\Workspaces\TIDS-CV\Ebiz.WebForm.Tids.CV\custom\Catalog\FMEA.aspx(80): error CS1061: 'ASP.custom_catalog_fmea_aspx' does not contain a definition for 'btnRPN_Click' and no extension method 'btnRPN_Click' accepting a first argument of type 'ASP.custom_catalog_fmea_aspx' could be found (are you missing a using directive or an assembly reference?)
2018-10-04 10:19:20.1959 ERROR d:\Mercedez\Workspaces\TIDS-CV\Ebiz.WebForm.Tids.CV\custom\Catalog\FMEA.aspx(80): error CS1061: 'ASP.custom_catalog_fmea_aspx' does not contain a definition for 'btnRPN_Click' and no extension method 'btnRPN_Click' accepting a first argument of type 'ASP.custom_catalog_fmea_aspx' could be found (are you missing a using directive or an assembly reference?)
2018-10-04 10:19:20.1959 ERROR 
2018-10-04 10:19:20.1959 ERROR    at System.Web.Compilation.BuildManager.CompileWebFile(VirtualPath virtualPath)
   at System.Web.Compilation.BuildManager.GetVPathBuildResultInternal(VirtualPath virtualPath, Boolean noBuild, Boolean allowCrossApp, Boolean allowBuildInPrecompile, Boolean throwIfNotFound, Boolean ensureIsUpToDate)
   at System.Web.Compilation.BuildManager.GetVPathBuildResultWithNoAssert(HttpContext context, VirtualPath virtualPath, Boolean noBuild, Boolean allowCrossApp, Boolean allowBuildInPrecompile, Boolean throwIfNotFound, Boolean ensureIsUpToDate)
   at System.Web.Compilation.BuildManager.GetVirtualPathObjectFactory(VirtualPath virtualPath, HttpContext context, Boolean allowCrossApp, Boolean throwIfNotFound)
   at System.Web.Compilation.BuildManager.CreateInstanceFromVirtualPath(VirtualPath virtualPath, Type requiredBaseType, HttpContext context, Boolean allowCrossApp)
   at System.Web.UI.PageHandlerFactory.GetHandlerHelper(HttpContext context, String requestType, VirtualPath virtualPath, String physicalPath)
   at System.Web.UI.PageHandlerFactory.GetHandler(HttpContext context, String requestType, String virtualPath, String path)
   at System.Web.HttpApplication.MaterializeHandlerExecutionStep.System.Web.HttpApplication.IExecutionStep.Execute()
   at System.Web.HttpApplication.ExecuteStepImpl(IExecutionStep step)
   at System.Web.HttpApplication.ExecuteStep(IExecutionStep step, Boolean& completedSynchronously)
2018-10-04 10:24:43.5967 INFO SQL Command Process:  DECLARE @EpcNumber varchar(25) EXEC [usp_GetIAInternalEpcNumber] @AssemblyTypeId = {0} , @IATypeId = {1}, @IAId = {2}, @EpcNumber = @EpcNumber OUTPUT SELECT @EpcNumber as N'@EpcNumber'
2018-10-04 10:24:43.6407 INFO Finish SQL Command Process...
2018-10-04 10:24:43.6407 INFO SQL Command Process: insert into IAs (AssemblyTypeId, IATypeId, StatusId, InternalEpcNumber, AuthorUserId, __IsDraft, ValidPeriodTo) values ('1' ,(select top 1 [Id] from [dbo].[IATypes]),'1', 'PI 18_0011' , '1', '1', '2099-12-31 00:00:00.000')
2018-10-04 10:24:43.6507 INFO Finish SQL Command Process...
2018-10-04 10:24:43.8737 INFO Get List Pvm Success
2018-10-04 10:25:51.9119 INFO Get List FMEA Success
2018-10-04 10:25:55.3790 INFO Get List FMEA Success
2018-10-04 10:26:44.0846 INFO Get List FMEA Success
2018-10-04 10:29:03.2826 INFO Get List FMEA Success
2018-10-04 10:30:03.0716 INFO Get List FMEA Success
2018-10-04 10:30:05.2435 INFO Get List FMEA Success
2018-10-04 10:31:49.0677 INFO Get List FMEA Success
2018-10-04 10:39:03.8041 INFO Get List FMEA Success
2018-10-04 10:39:06.0450 INFO Get List FMEA Success
2018-10-04 10:39:40.9919 INFO Get List FMEA Success
2018-10-04 10:39:54.7068 INFO Get List FMEA Success
2018-10-04 10:40:08.3900 INFO Get List FMEA Success
2018-10-04 10:41:14.1269 INFO Get List FMEA Success
2018-10-04 10:41:37.2801 INFO Get List FMEA Success
2018-10-04 10:41:55.8296 INFO Get List FMEA Success
2018-10-04 10:42:15.9639 INFO Get List FMEA Success
2018-10-04 10:42:46.3299 INFO Get List FMEA Success
2018-10-04 10:43:56.2613 INFO Get List FMEA Success
2018-10-04 10:44:01.0765 INFO Get List FMEA Success
2018-10-04 10:44:04.0991 INFO Get List FMEA Success
2018-10-04 10:44:08.1646 INFO Get List FMEA Success
2018-10-04 10:44:09.9742 INFO Get List FMEA Success
2018-10-04 10:44:33.3154 INFO Get List FMEA Success
2018-10-04 10:44:35.0938 INFO Get List FMEA Success
2018-10-04 10:45:14.3533 INFO Get List FMEA Success
2018-10-04 10:45:52.0892 INFO Get List FMEA Success
2018-10-04 10:46:32.6785 INFO Get List FMEA Success
2018-10-04 10:47:16.1214 INFO Get List FMEA Success
2018-10-04 10:48:31.6289 INFO Get List FMEA Success
2018-10-04 10:48:33.3948 INFO Get List FMEA Success
2018-10-04 10:48:54.4194 INFO Get List FMEA Success
2018-10-04 10:49:31.5616 INFO Get List FMEA Success
2018-10-04 10:49:33.0925 INFO Get List FMEA Success
2018-10-04 10:50:10.6828 INFO Get List FMEA Success
2018-10-04 10:51:21.4125 INFO Get List FMEA Success
2018-10-04 10:51:24.4290 INFO Get List FMEA Success
2018-10-04 10:52:22.5390 INFO Get List FMEA Success
2018-10-04 10:52:40.3787 INFO Get List FMEA Success
2018-10-04 10:53:37.1951 INFO Get List FMEA Success
2018-10-04 10:53:39.2525 INFO Get List FMEA Success
2018-10-04 10:54:20.5538 INFO Get List FMEA Success
2018-10-04 10:54:42.2586 INFO Get List FMEA Success
2018-10-04 10:57:45.7152 INFO Get List FMEA Success
2018-10-04 11:00:03.3674 INFO Get List FMEA Success
2018-10-04 11:01:19.5790 ERROR Unhandle/Callback Exception Error Occur(s). Cannot create an object of type 'System.Web.UI.WebControls.Unit' from its string representation 'auto' for the 'Height' property.
2018-10-04 11:01:19.5790 ERROR Cannot create an object of type 'System.Web.UI.WebControls.Unit' from its string representation 'auto' for the 'Height' property.
2018-10-04 11:01:19.5840 ERROR System.Web.HttpParseException (0x80004005): Cannot create an object of type 'System.Web.UI.WebControls.Unit' from its string representation 'auto' for the 'Height' property. ---> System.Web.HttpException (0x80004005): Cannot create an object of type 'System.Web.UI.WebControls.Unit' from its string representation 'auto' for the 'Height' property.
   at System.Web.UI.PropertyConverter.ObjectFromString(Type objType, MemberInfo propertyInfo, String value)
   at System.Web.UI.ControlBuilder.AddProperty(String filter, String name, String value, Boolean mainDirectiveMode)
   at System.Web.UI.ControlBuilder.PreprocessAttribute(String filter, String attribname, String attribvalue, Boolean mainDirectiveMode, Int32 line, Int32 column)
   at System.Web.UI.ControlBuilder.PreprocessAttributes(ParsedAttributeCollection attribs)
   at System.Web.UI.ControlBuilder.Init(TemplateParser parser, ControlBuilder parentBuilder, Type type, String tagName, String id, IDictionary attribs)
   at System.Web.UI.ControlBuilder.CreateBuilderFromType(TemplateParser parser, ControlBuilder parentBuilder, Type type, String tagName, String id, IDictionary attribs, Int32 line, String sourceFileName)
   at System.Web.UI.ControlBuilder.CreateChildBuilder(String filter, String tagName, IDictionary attribs, TemplateParser parser, ControlBuilder parentBuilder, String id, Int32 line, VirtualPath virtualPath, Type& childType, Boolean defaultProperty)
   at System.Web.UI.TemplateParser.ProcessBeginTag(Match match, String inputText)
   at System.Web.UI.TemplateParser.ParseStringInternal(String text, Encoding fileEncoding)
   at System.Web.UI.TemplateParser.ProcessException(Exception ex)
   at System.Web.UI.TemplateParser.ParseStringInternal(String text, Encoding fileEncoding)
   at System.Web.UI.TemplateParser.ParseString(String text, VirtualPath virtualPath, Encoding fileEncoding)
2018-10-04 11:01:19.5840 ERROR    at System.Web.UI.TemplateParser.ParseString(String text, VirtualPath virtualPath, Encoding fileEncoding)
   at System.Web.UI.TemplateParser.ParseFile(String physicalPath, VirtualPath virtualPath)
   at System.Web.UI.TemplateParser.ParseInternal()
   at System.Web.UI.TemplateParser.Parse()
   at System.Web.Compilation.BaseTemplateBuildProvider.get_CodeCompilerType()
   at System.Web.Compilation.BuildProvider.GetCompilerTypeFromBuildProvider(BuildProvider buildProvider)
   at System.Web.Compilation.BuildProvidersCompiler.ProcessBuildProviders()
   at System.Web.Compilation.BuildProvidersCompiler.PerformBuild()
   at System.Web.Compilation.BuildManager.CompileWebFile(VirtualPath virtualPath)
   at System.Web.Compilation.BuildManager.GetVPathBuildResultInternal(VirtualPath virtualPath, Boolean noBuild, Boolean allowCrossApp, Boolean allowBuildInPrecompile, Boolean throwIfNotFound, Boolean ensureIsUpToDate)
   at System.Web.Compilation.BuildManager.GetVPathBuildResultWithNoAssert(HttpContext context, VirtualPath virtualPath, Boolean noBuild, Boolean allowCrossApp, Boolean allowBuildInPrecompile, Boolean throwIfNotFound, Boolean ensureIsUpToDate)
   at System.Web.Compilation.BuildManager.GetVirtualPathObjectFactory(VirtualPath virtualPath, HttpContext context, Boolean allowCrossApp, Boolean throwIfNotFound)
   at System.Web.Compilation.BuildManager.CreateInstanceFromVirtualPath(VirtualPath virtualPath, Type requiredBaseType, HttpContext context, Boolean allowCrossApp)
   at System.Web.UI.PageHandlerFactory.GetHandlerHelper(HttpContext context, String requestType, VirtualPath virtualPath, String physicalPath)
   at System.Web.UI.PageHandlerFactory.GetHandler(HttpContext context, String requestType, String virtualPath, String path)
   at System.Web.HttpApplication.MaterializeHandlerExecutionStep.System.Web.HttpApplication.IExecutionStep.Execute()
   at System.Web.HttpApplication.ExecuteStepImpl(IExecutionStep step)
   at System.Web.HttpApplication.ExecuteStep(IExecutionStep step, Boolean& completedSynchronously)
2018-10-04 11:01:59.5578 INFO Get List FMEA Success
2018-10-04 11:02:06.7092 INFO Get List FMEA Success
2018-10-04 11:02:10.9905 INFO Get List FMEA Success
2018-10-04 11:02:13.1522 INFO Get List FMEA Success
2018-10-04 11:02:16.0147 INFO Get List FMEA Success
2018-10-04 11:02:18.7263 INFO Get List FMEA Success
2018-10-04 11:02:22.5388 INFO Get List FMEA Success
2018-10-04 11:02:25.1807 INFO Get List FMEA Success
2018-10-04 11:03:32.2449 INFO Get List FMEA Success
2018-10-04 11:05:09.9660 INFO Get List FMEA Success
2018-10-04 11:05:11.7518 INFO Get List FMEA Success
2018-10-04 11:07:58.1593 INFO Get List FMEA Success
2018-10-04 11:08:03.8194 INFO Get List FMEA Success
2018-10-04 11:08:07.5189 INFO Get List FMEA Success
2018-10-04 11:08:10.0184 INFO Get List FMEA Success
2018-10-04 11:08:29.5153 INFO Get List FMEA Success
2018-10-04 11:08:37.3369 INFO Get List FMEA Success
2018-10-04 11:08:40.0929 INFO Get List FMEA Success
2018-10-04 11:08:42.1718 INFO Get List FMEA Success
2018-10-04 11:08:43.6226 INFO Get List FMEA Success
2018-10-04 11:08:46.8864 ERROR Can not get page name for url: /
2018-10-04 11:08:49.1453 ERROR Can not get page name for url: /
2018-10-04 11:08:51.3327 ERROR Can not get page name for url: /
2018-10-04 11:09:05.8085 ERROR Can not get page name for url: /
2018-10-04 11:09:21.7403 INFO Get List FMEA Success
2018-10-04 11:09:23.6707 INFO Get List FMEA Success
2018-10-04 11:10:00.6924 INFO Get List FMEA Success
2018-10-04 11:10:01.7318 INFO Get List FMEA Success
2018-10-04 11:10:06.1191 ERROR Can not get page name for url: /
2018-10-04 11:10:09.6485 ERROR Can not get page name for url: /
2018-10-04 11:10:09.7975 ERROR Can not get page name for url: /
2018-10-04 11:10:15.9675 ERROR Can not get page name for url: /
2018-10-04 11:10:33.6434 INFO Get List FMEA Success
2018-10-04 11:10:35.4440 INFO Get List FMEA Success
2018-10-04 11:11:17.1745 INFO Get List FMEA Success
2018-10-04 11:11:24.9133 ERROR Can not get page name for url: /
2018-10-04 11:11:38.7581 ERROR Can not get page name for url: /
2018-10-04 11:11:52.4052 INFO Get List FMEA Success
2018-10-04 11:11:54.8320 INFO Get List FMEA Success
2018-10-04 11:12:53.8233 INFO Get List FMEA Success
2018-10-04 11:12:55.6486 INFO Get List FMEA Success
2018-10-04 11:13:11.2876 INFO Get List FMEA Success
2018-10-04 11:14:12.6976 INFO Get List FMEA Success
2018-10-04 11:14:14.9721 INFO Get List FMEA Success
2018-10-04 11:14:28.7970 INFO Get List FMEA Success
2018-10-04 11:15:49.6801 INFO Get List FMEA Success
2018-10-04 11:15:53.7730 INFO Get List FMEA Success
2018-10-04 11:16:32.3272 INFO Get List FMEA Success
2018-10-04 11:16:47.5980 INFO Get List FMEA Success
2018-10-04 11:17:00.7279 INFO Get List FMEA Success
2018-10-04 11:17:28.6009 INFO Get List FMEA Success
2018-10-04 11:18:32.8018 ERROR Unhandle/Callback Exception Error Occur(s). The server tag is not well formed.
2018-10-04 11:18:32.8018 ERROR The server tag is not well formed.
2018-10-04 11:18:32.8018 ERROR System.Web.HttpException (0x80004005): The server tag is not well formed.
   at System.Web.UI.TemplateParser.ProcessError(String message)
   at System.Web.UI.TemplateParser.DetectSpecialServerTagError(String text, Int32 textPos)
   at System.Web.UI.TemplateParser.ParseStringInternal(String text, Encoding fileEncoding)
   at System.Web.UI.TemplateParser.ParseString(String text, VirtualPath virtualPath, Encoding fileEncoding)
2018-10-04 11:18:32.8168 ERROR    at System.Web.UI.TemplateParser.ParseString(String text, VirtualPath virtualPath, Encoding fileEncoding)
   at System.Web.UI.TemplateParser.ParseFile(String physicalPath, VirtualPath virtualPath)
   at System.Web.UI.TemplateParser.ParseInternal()
   at System.Web.UI.TemplateParser.Parse()
   at System.Web.Compilation.BaseTemplateBuildProvider.get_CodeCompilerType()
   at System.Web.Compilation.BuildProvider.GetCompilerTypeFromBuildProvider(BuildProvider buildProvider)
   at System.Web.Compilation.BuildProvidersCompiler.ProcessBuildProviders()
   at System.Web.Compilation.BuildProvidersCompiler.PerformBuild()
   at System.Web.Compilation.BuildManager.CompileWebFile(VirtualPath virtualPath)
   at System.Web.Compilation.BuildManager.GetVPathBuildResultInternal(VirtualPath virtualPath, Boolean noBuild, Boolean allowCrossApp, Boolean allowBuildInPrecompile, Boolean throwIfNotFound, Boolean ensureIsUpToDate)
   at System.Web.Compilation.BuildManager.GetVPathBuildResultWithNoAssert(HttpContext context, VirtualPath virtualPath, Boolean noBuild, Boolean allowCrossApp, Boolean allowBuildInPrecompile, Boolean throwIfNotFound, Boolean ensureIsUpToDate)
   at System.Web.Compilation.BuildManager.GetVirtualPathObjectFactory(VirtualPath virtualPath, HttpContext context, Boolean allowCrossApp, Boolean throwIfNotFound)
   at System.Web.Compilation.BuildManager.CreateInstanceFromVirtualPath(VirtualPath virtualPath, Type requiredBaseType, HttpContext context, Boolean allowCrossApp)
   at System.Web.UI.PageHandlerFactory.GetHandlerHelper(HttpContext context, String requestType, VirtualPath virtualPath, String physicalPath)
   at System.Web.UI.PageHandlerFactory.GetHandler(HttpContext context, String requestType, String virtualPath, String path)
   at System.Web.HttpApplication.MaterializeHandlerExecutionStep.System.Web.HttpApplication.IExecutionStep.Execute()
   at System.Web.HttpApplication.ExecuteStepImpl(IExecutionStep step)
   at System.Web.HttpApplication.ExecuteStep(IExecutionStep step, Boolean& completedSynchronously)
2018-10-04 11:19:13.7317 INFO Get List FMEA Success
2018-10-04 11:19:58.9657 INFO Get List FMEA Success
2018-10-04 11:20:03.7340 INFO Get List FMEA Success
2018-10-04 11:20:38.8389 INFO Get List FMEA Success
2018-10-04 11:21:12.5338 INFO Get List FMEA Success
2018-10-04 11:21:18.9568 INFO Get List FMEA Success
2018-10-04 11:26:13.6627 INFO Get List FMEA Success
2018-10-04 11:26:15.7094 INFO Get List FMEA Success
2018-10-04 11:27:23.7112 INFO Get List FMEA Success
2018-10-04 11:27:25.4393 INFO Get List FMEA Success
2018-10-04 11:29:30.4075 INFO Get List FMEA Success
2018-10-04 11:30:25.7691 INFO Get List FMEA Success
2018-10-04 11:30:28.7046 INFO Get List FMEA Success
2018-10-04 11:30:44.8032 INFO Get List FMEA Success
2018-10-04 11:31:28.6183 INFO Get List FMEA Success
2018-10-04 11:31:30.2768 INFO Get List FMEA Success
2018-10-04 11:36:34.0620 INFO Get List FMEA Success
2018-10-04 11:36:35.7376 INFO Get List FMEA Success
2018-10-04 11:39:52.8914 INFO Get List FMEA Success
2018-10-04 11:39:54.8497 INFO Get List FMEA Success
2018-10-04 11:41:12.8561 INFO Get List FMEA Success
2018-10-04 11:41:15.0896 INFO Get List FMEA Success
2018-10-04 11:41:47.5477 INFO Get List FMEA Success
2018-10-04 11:44:16.1632 INFO Get List FMEA Success
2018-10-04 11:44:21.0061 INFO Get List FMEA Success
2018-10-04 11:44:25.8928 INFO Get List FMEA Success
2018-10-04 11:44:39.3629 INFO Get List FMEA Success
2018-10-04 11:45:29.7671 INFO Get List FMEA Success
2018-10-04 11:45:36.6871 INFO Get List FMEA Success
2018-10-04 11:47:04.4381 INFO Get List FMEA Success
2018-10-04 11:47:39.3691 INFO Get List FMEA Success
2018-10-04 11:48:20.7027 INFO Get List FMEA Success
2018-10-04 11:48:23.2773 INFO Get List FMEA Success
2018-10-04 11:48:27.3222 INFO Get List FMEA Success
2018-10-04 11:48:46.7282 INFO Get List FMEA Success
2018-10-04 11:49:41.2173 INFO Get List FMEA Success
2018-10-04 11:49:43.3223 INFO Get List FMEA Success
2018-10-04 11:49:46.7841 INFO Get List FMEA Success
2018-10-04 11:50:47.0424 INFO Get List FMEA Success
2018-10-04 11:50:48.8766 INFO Get List FMEA Success
2018-10-04 11:50:51.8865 INFO Get List FMEA Success
2018-10-04 11:51:18.8392 INFO Get List FMEA Success
2018-10-04 11:53:38.9348 ERROR Unhandle/Callback Exception Error Occur(s). The server tag is not well formed.
2018-10-04 11:53:38.9348 ERROR The server tag is not well formed.
2018-10-04 11:53:38.9348 ERROR System.Web.HttpException (0x80004005): The server tag is not well formed.
   at System.Web.UI.TemplateParser.ProcessError(String message)
   at System.Web.UI.TemplateParser.DetectSpecialServerTagError(String text, Int32 textPos)
   at System.Web.UI.TemplateParser.ParseStringInternal(String text, Encoding fileEncoding)
   at System.Web.UI.TemplateParser.ParseString(String text, VirtualPath virtualPath, Encoding fileEncoding)
2018-10-04 11:53:38.9458 ERROR    at System.Web.UI.TemplateParser.ParseString(String text, VirtualPath virtualPath, Encoding fileEncoding)
   at System.Web.UI.TemplateParser.ParseFile(String physicalPath, VirtualPath virtualPath)
   at System.Web.UI.TemplateParser.ParseInternal()
   at System.Web.UI.TemplateParser.Parse()
   at System.Web.Compilation.BaseTemplateBuildProvider.get_CodeCompilerType()
   at System.Web.Compilation.BuildProvider.GetCompilerTypeFromBuildProvider(BuildProvider buildProvider)
   at System.Web.Compilation.BuildProvidersCompiler.ProcessBuildProviders()
   at System.Web.Compilation.BuildProvidersCompiler.PerformBuild()
   at System.Web.Compilation.BuildManager.CompileWebFile(VirtualPath virtualPath)
   at System.Web.Compilation.BuildManager.GetVPathBuildResultInternal(VirtualPath virtualPath, Boolean noBuild, Boolean allowCrossApp, Boolean allowBuildInPrecompile, Boolean throwIfNotFound, Boolean ensureIsUpToDate)
   at System.Web.Compilation.BuildManager.GetVPathBuildResultWithNoAssert(HttpContext context, VirtualPath virtualPath, Boolean noBuild, Boolean allowCrossApp, Boolean allowBuildInPrecompile, Boolean throwIfNotFound, Boolean ensureIsUpToDate)
   at System.Web.Compilation.BuildManager.GetVirtualPathObjectFactory(VirtualPath virtualPath, HttpContext context, Boolean allowCrossApp, Boolean throwIfNotFound)
   at System.Web.Compilation.BuildManager.CreateInstanceFromVirtualPath(VirtualPath virtualPath, Type requiredBaseType, HttpContext context, Boolean allowCrossApp)
   at System.Web.UI.PageHandlerFactory.GetHandlerHelper(HttpContext context, String requestType, VirtualPath virtualPath, String physicalPath)
   at System.Web.UI.PageHandlerFactory.GetHandler(HttpContext context, String requestType, String virtualPath, String path)
   at System.Web.HttpApplication.MaterializeHandlerExecutionStep.System.Web.HttpApplication.IExecutionStep.Execute()
   at System.Web.HttpApplication.ExecuteStepImpl(IExecutionStep step)
   at System.Web.HttpApplication.ExecuteStep(IExecutionStep step, Boolean& completedSynchronously)
2018-10-04 11:54:05.3618 ERROR Unhandle/Callback Exception Error Occur(s). The server tag is not well formed.
2018-10-04 11:54:05.3638 ERROR The server tag is not well formed.
2018-10-04 11:54:05.3638 ERROR System.Web.HttpException (0x80004005): The server tag is not well formed.
   at System.Web.UI.TemplateParser.ProcessError(String message)
   at System.Web.UI.TemplateParser.DetectSpecialServerTagError(String text, Int32 textPos)
   at System.Web.UI.TemplateParser.ParseStringInternal(String text, Encoding fileEncoding)
   at System.Web.UI.TemplateParser.ParseString(String text, VirtualPath virtualPath, Encoding fileEncoding)
2018-10-04 11:54:05.3638 ERROR    at System.Web.UI.TemplateParser.ParseString(String text, VirtualPath virtualPath, Encoding fileEncoding)
   at System.Web.UI.TemplateParser.ParseFile(String physicalPath, VirtualPath virtualPath)
   at System.Web.UI.TemplateParser.ParseInternal()
   at System.Web.UI.TemplateParser.Parse()
   at System.Web.Compilation.BaseTemplateBuildProvider.get_CodeCompilerType()
   at System.Web.Compilation.BuildProvider.GetCompilerTypeFromBuildProvider(BuildProvider buildProvider)
   at System.Web.Compilation.BuildProvidersCompiler.ProcessBuildProviders()
   at System.Web.Compilation.BuildProvidersCompiler.PerformBuild()
   at System.Web.Compilation.BuildManager.CompileWebFile(VirtualPath virtualPath)
   at System.Web.Compilation.BuildManager.GetVPathBuildResultInternal(VirtualPath virtualPath, Boolean noBuild, Boolean allowCrossApp, Boolean allowBuildInPrecompile, Boolean throwIfNotFound, Boolean ensureIsUpToDate)
   at System.Web.Compilation.BuildManager.GetVPathBuildResultWithNoAssert(HttpContext context, VirtualPath virtualPath, Boolean noBuild, Boolean allowCrossApp, Boolean allowBuildInPrecompile, Boolean throwIfNotFound, Boolean ensureIsUpToDate)
   at System.Web.Compilation.BuildManager.GetVirtualPathObjectFactory(VirtualPath virtualPath, HttpContext context, Boolean allowCrossApp, Boolean throwIfNotFound)
   at System.Web.Compilation.BuildManager.CreateInstanceFromVirtualPath(VirtualPath virtualPath, Type requiredBaseType, HttpContext context, Boolean allowCrossApp)
   at System.Web.UI.PageHandlerFactory.GetHandlerHelper(HttpContext context, String requestType, VirtualPath virtualPath, String physicalPath)
   at System.Web.UI.PageHandlerFactory.GetHandler(HttpContext context, String requestType, String virtualPath, String path)
   at System.Web.HttpApplication.MaterializeHandlerExecutionStep.System.Web.HttpApplication.IExecutionStep.Execute()
   at System.Web.HttpApplication.ExecuteStepImpl(IExecutionStep step)
   at System.Web.HttpApplication.ExecuteStep(IExecutionStep step, Boolean& completedSynchronously)
2018-10-04 11:54:07.7949 ERROR Unhandle/Callback Exception Error Occur(s). The server tag is not well formed.
2018-10-04 11:54:07.7949 ERROR The server tag is not well formed.
2018-10-04 11:54:07.7949 ERROR System.Web.HttpException (0x80004005): The server tag is not well formed.
   at System.Web.UI.TemplateParser.ProcessError(String message)
   at System.Web.UI.TemplateParser.DetectSpecialServerTagError(String text, Int32 textPos)
   at System.Web.UI.TemplateParser.ParseStringInternal(String text, Encoding fileEncoding)
   at System.Web.UI.TemplateParser.ParseString(String text, VirtualPath virtualPath, Encoding fileEncoding)
2018-10-04 11:54:07.8009 ERROR    at System.Web.UI.TemplateParser.ParseString(String text, VirtualPath virtualPath, Encoding fileEncoding)
   at System.Web.UI.TemplateParser.ParseFile(String physicalPath, VirtualPath virtualPath)
   at System.Web.UI.TemplateParser.ParseInternal()
   at System.Web.UI.TemplateParser.Parse()
   at System.Web.Compilation.BaseTemplateBuildProvider.get_CodeCompilerType()
   at System.Web.Compilation.BuildProvider.GetCompilerTypeFromBuildProvider(BuildProvider buildProvider)
   at System.Web.Compilation.BuildProvidersCompiler.ProcessBuildProviders()
   at System.Web.Compilation.BuildProvidersCompiler.PerformBuild()
   at System.Web.Compilation.BuildManager.CompileWebFile(VirtualPath virtualPath)
   at System.Web.Compilation.BuildManager.GetVPathBuildResultInternal(VirtualPath virtualPath, Boolean noBuild, Boolean allowCrossApp, Boolean allowBuildInPrecompile, Boolean throwIfNotFound, Boolean ensureIsUpToDate)
   at System.Web.Compilation.BuildManager.GetVPathBuildResultWithNoAssert(HttpContext context, VirtualPath virtualPath, Boolean noBuild, Boolean allowCrossApp, Boolean allowBuildInPrecompile, Boolean throwIfNotFound, Boolean ensureIsUpToDate)
   at System.Web.Compilation.BuildManager.GetVirtualPathObjectFactory(VirtualPath virtualPath, HttpContext context, Boolean allowCrossApp, Boolean throwIfNotFound)
   at System.Web.Compilation.BuildManager.CreateInstanceFromVirtualPath(VirtualPath virtualPath, Type requiredBaseType, HttpContext context, Boolean allowCrossApp)
   at System.Web.UI.PageHandlerFactory.GetHandlerHelper(HttpContext context, String requestType, VirtualPath virtualPath, String physicalPath)
   at System.Web.UI.PageHandlerFactory.GetHandler(HttpContext context, String requestType, String virtualPath, String path)
   at System.Web.HttpApplication.MaterializeHandlerExecutionStep.System.Web.HttpApplication.IExecutionStep.Execute()
   at System.Web.HttpApplication.ExecuteStepImpl(IExecutionStep step)
   at System.Web.HttpApplication.ExecuteStep(IExecutionStep step, Boolean& completedSynchronously)
2018-10-04 11:55:37.9636 ERROR Unhandle/Callback Exception Error Occur(s). The server tag is not well formed.
2018-10-04 11:55:37.9636 ERROR The server tag is not well formed.
2018-10-04 11:55:37.9636 ERROR System.Web.HttpException (0x80004005): The server tag is not well formed.
   at System.Web.UI.TemplateParser.ProcessError(String message)
   at System.Web.UI.TemplateParser.DetectSpecialServerTagError(String text, Int32 textPos)
   at System.Web.UI.TemplateParser.ParseStringInternal(String text, Encoding fileEncoding)
   at System.Web.UI.TemplateParser.ParseString(String text, VirtualPath virtualPath, Encoding fileEncoding)
2018-10-04 11:55:37.9726 ERROR    at System.Web.UI.TemplateParser.ParseString(String text, VirtualPath virtualPath, Encoding fileEncoding)
   at System.Web.UI.TemplateParser.ParseFile(String physicalPath, VirtualPath virtualPath)
   at System.Web.UI.TemplateParser.ParseInternal()
   at System.Web.UI.TemplateParser.Parse()
   at System.Web.Compilation.BaseTemplateBuildProvider.get_CodeCompilerType()
   at System.Web.Compilation.BuildProvider.GetCompilerTypeFromBuildProvider(BuildProvider buildProvider)
   at System.Web.Compilation.BuildProvidersCompiler.ProcessBuildProviders()
   at System.Web.Compilation.BuildProvidersCompiler.PerformBuild()
   at System.Web.Compilation.BuildManager.CompileWebFile(VirtualPath virtualPath)
   at System.Web.Compilation.BuildManager.GetVPathBuildResultInternal(VirtualPath virtualPath, Boolean noBuild, Boolean allowCrossApp, Boolean allowBuildInPrecompile, Boolean throwIfNotFound, Boolean ensureIsUpToDate)
   at System.Web.Compilation.BuildManager.GetVPathBuildResultWithNoAssert(HttpContext context, VirtualPath virtualPath, Boolean noBuild, Boolean allowCrossApp, Boolean allowBuildInPrecompile, Boolean throwIfNotFound, Boolean ensureIsUpToDate)
   at System.Web.Compilation.BuildManager.GetVirtualPathObjectFactory(VirtualPath virtualPath, HttpContext context, Boolean allowCrossApp, Boolean throwIfNotFound)
   at System.Web.Compilation.BuildManager.CreateInstanceFromVirtualPath(VirtualPath virtualPath, Type requiredBaseType, HttpContext context, Boolean allowCrossApp)
   at System.Web.UI.PageHandlerFactory.GetHandlerHelper(HttpContext context, String requestType, VirtualPath virtualPath, String physicalPath)
   at System.Web.UI.PageHandlerFactory.GetHandler(HttpContext context, String requestType, String virtualPath, String path)
   at System.Web.HttpApplication.MaterializeHandlerExecutionStep.System.Web.HttpApplication.IExecutionStep.Execute()
   at System.Web.HttpApplication.ExecuteStepImpl(IExecutionStep step)
   at System.Web.HttpApplication.ExecuteStep(IExecutionStep step, Boolean& completedSynchronously)
2018-10-04 11:55:40.8215 ERROR Unhandle/Callback Exception Error Occur(s). The server tag is not well formed.
2018-10-04 11:55:40.8215 ERROR The server tag is not well formed.
2018-10-04 11:55:40.8215 ERROR System.Web.HttpException (0x80004005): The server tag is not well formed.
   at System.Web.UI.TemplateParser.ProcessError(String message)
   at System.Web.UI.TemplateParser.DetectSpecialServerTagError(String text, Int32 textPos)
   at System.Web.UI.TemplateParser.ParseStringInternal(String text, Encoding fileEncoding)
   at System.Web.UI.TemplateParser.ParseString(String text, VirtualPath virtualPath, Encoding fileEncoding)
2018-10-04 11:55:40.8215 ERROR    at System.Web.UI.TemplateParser.ParseString(String text, VirtualPath virtualPath, Encoding fileEncoding)
   at System.Web.UI.TemplateParser.ParseFile(String physicalPath, VirtualPath virtualPath)
   at System.Web.UI.TemplateParser.ParseInternal()
   at System.Web.UI.TemplateParser.Parse()
   at System.Web.Compilation.BaseTemplateBuildProvider.get_CodeCompilerType()
   at System.Web.Compilation.BuildProvider.GetCompilerTypeFromBuildProvider(BuildProvider buildProvider)
   at System.Web.Compilation.BuildProvidersCompiler.ProcessBuildProviders()
   at System.Web.Compilation.BuildProvidersCompiler.PerformBuild()
   at System.Web.Compilation.BuildManager.CompileWebFile(VirtualPath virtualPath)
   at System.Web.Compilation.BuildManager.GetVPathBuildResultInternal(VirtualPath virtualPath, Boolean noBuild, Boolean allowCrossApp, Boolean allowBuildInPrecompile, Boolean throwIfNotFound, Boolean ensureIsUpToDate)
   at System.Web.Compilation.BuildManager.GetVPathBuildResultWithNoAssert(HttpContext context, VirtualPath virtualPath, Boolean noBuild, Boolean allowCrossApp, Boolean allowBuildInPrecompile, Boolean throwIfNotFound, Boolean ensureIsUpToDate)
   at System.Web.Compilation.BuildManager.GetVirtualPathObjectFactory(VirtualPath virtualPath, HttpContext context, Boolean allowCrossApp, Boolean throwIfNotFound)
   at System.Web.Compilation.BuildManager.CreateInstanceFromVirtualPath(VirtualPath virtualPath, Type requiredBaseType, HttpContext context, Boolean allowCrossApp)
   at System.Web.UI.PageHandlerFactory.GetHandlerHelper(HttpContext context, String requestType, VirtualPath virtualPath, String physicalPath)
   at System.Web.UI.PageHandlerFactory.GetHandler(HttpContext context, String requestType, String virtualPath, String path)
   at System.Web.HttpApplication.MaterializeHandlerExecutionStep.System.Web.HttpApplication.IExecutionStep.Execute()
   at System.Web.HttpApplication.ExecuteStepImpl(IExecutionStep step)
   at System.Web.HttpApplication.ExecuteStep(IExecutionStep step, Boolean& completedSynchronously)
2018-10-04 11:56:13.7723 INFO Get List FMEA Success
2018-10-04 11:56:16.5160 INFO Get List FMEA Success
2018-10-04 11:56:20.1109 INFO Get List FMEA Success
2018-10-04 11:56:36.9631 INFO Get List FMEA Success
2018-10-04 11:58:11.3178 INFO Get List FMEA Success
2018-10-04 11:58:13.3607 INFO Get List FMEA Success
2018-10-04 11:58:16.5771 INFO Get List FMEA Success
2018-10-04 13:14:43.7620 INFO Get List FMEA Success
2018-10-04 13:14:46.2552 INFO Get List FMEA Success
2018-10-04 13:15:21.2530 INFO Get List FMEA Success
2018-10-04 13:16:35.0055 INFO Get List FMEA Success
2018-10-04 13:16:50.6293 INFO Get List FMEA Success
2018-10-04 13:16:55.7098 INFO Get List FMEA Success
2018-10-04 13:17:04.3266 INFO Get List FMEA Success
